<?xml version="1.0" encoding="UTF-8"?>
<!-- Generated by org.testng.reporters.JUnitXMLReporter -->
<testsuite ignored="0" hostname="Shubham-Infinitys-MacBook-Air.local" failures="0" tests="4" name="Test" time="0.918" errors="0" timestamp="2025-12-28T10:56:06 IST">
  <testcase classname="day8.CreateUser" name="testcreateUser" time="0.814"/>
  <testcase classname="day8.GetUser" name="testGetUser" time="0.048"/>
  <testcase classname="day8.UpdateUser" name="testUpdateUser" time="0.03"/>
  <testcase classname="day8.DeleteUser" name="testDeleteUser" time="0.01"/>
</testsuite> <!-- Test -->
