<?xml version="1.0" encoding="UTF-8"?>
<testng-results ignored="0" total="4" passed="4" failed="0" skipped="0">
  <reporter-output>
  </reporter-output>
  <suite started-at="2025-12-28T10:56:05 IST" name="Suite" finished-at="2025-12-28T10:56:06 IST" duration-ms="918">
    <groups>
    </groups>
    <test started-at="2025-12-28T10:56:05 IST" name="Test" finished-at="2025-12-28T10:56:06 IST" duration-ms="918">
      <class name="day8.UpdateUser">
        <test-method signature="testUpdateUser(org.testng.ITestContext)[pri:0, instance:day8.UpdateUser@1bd4fdd]" started-at="2025-12-28T10:56:06 IST" name="testUpdateUser" finished-at="2025-12-28T10:56:06 IST" duration-ms="30" status="PASS">
          <params>
            <param index="0">
              <value>
                <![CDATA[org.testng.TestRunner@1fb700ee]]>
              </value>
            </param>
          </params>
          <reporter-output>
          </reporter-output>
        </test-method> <!-- testUpdateUser -->
      </class> <!-- day8.UpdateUser -->
      <class name="day8.DeleteUser">
        <test-method signature="testDeleteUser(org.testng.ITestContext)[pri:0, instance:day8.DeleteUser@55183b20]" started-at="2025-12-28T10:56:06 IST" name="testDeleteUser" finished-at="2025-12-28T10:56:06 IST" duration-ms="10" status="PASS">
          <params>
            <param index="0">
              <value>
                <![CDATA[org.testng.TestRunner@1fb700ee]]>
              </value>
            </param>
          </params>
          <reporter-output>
          </reporter-output>
        </test-method> <!-- testDeleteUser -->
      </class> <!-- day8.DeleteUser -->
      <class name="day8.CreateUser">
        <test-method signature="testcreateUser(org.testng.ITestContext)[pri:0, instance:day8.CreateUser@59662a0b]" started-at="2025-12-28T10:56:05 IST" name="testcreateUser" finished-at="2025-12-28T10:56:06 IST" duration-ms="814" status="PASS">
          <params>
            <param index="0">
              <value>
                <![CDATA[org.testng.TestRunner@1fb700ee]]>
              </value>
            </param>
          </params>
          <reporter-output>
          </reporter-output>
        </test-method> <!-- testcreateUser -->
      </class> <!-- day8.CreateUser -->
      <class name="day8.GetUser">
        <test-method signature="testGetUser(org.testng.ITestContext)[pri:0, instance:day8.GetUser@35e2d654]" started-at="2025-12-28T10:56:06 IST" name="testGetUser" finished-at="2025-12-28T10:56:06 IST" duration-ms="48" status="PASS">
          <params>
            <param index="0">
              <value>
                <![CDATA[org.testng.TestRunner@1fb700ee]]>
              </value>
            </param>
          </params>
          <reporter-output>
          </reporter-output>
        </test-method> <!-- testGetUser -->
      </class> <!-- day8.GetUser -->
    </test> <!-- Test -->
  </suite> <!-- Suite -->
</testng-results>
