<?xml version="1.0" encoding="UTF-8"?>
<!-- Generated by org.testng.reporters.JUnitReportReporter -->
<testsuite hostname="Shubham-Infinitys-MacBook-Air.local" failures="0" tests="4" name="HTTPRequests" time="0.933" errors="0" timestamp="2025-12-25T14:12:45 IST" skipped="0">
  <testcase classname="HTTPRequests" name="getUsers" time="0.595"/>
  <testcase classname="HTTPRequests" name="createUser" time="0.314"/>
  <testcase classname="HTTPRequests" name="updateUser" time="0.013"/>
  <testcase classname="HTTPRequests" name="deleteUser" time="0.011"/>
</testsuite> <!-- HTTPRequests -->
