<?xml version="1.0" encoding="UTF-8"?>
<!-- Generated by org.testng.reporters.JUnitReportReporter -->
<testsuite hostname="Shubham-Infinitys-MacBook-Air.local" failures="0" tests="2" name="day1.DiffWaysToCreatePostRequestBody" time="0.925" errors="0" timestamp="2025-12-25T22:03:06 IST" skipped="0">
  <testcase classname="day1.DiffWaysToCreatePostRequestBody" name="testPostUsingExternalJSON" time="0.901"/>
  <testcase classname="day1.DiffWaysToCreatePostRequestBody" name="testDeleteRequest" time="0.024"/>
</testsuite> <!-- day1.DiffWaysToCreatePostRequestBody -->
