<?xml version="1.0" encoding="UTF-8"?>
<!-- Generated by org.testng.reporters.JUnitReportReporter -->
<testsuite hostname="Shubham-Infinitys-MacBook-Air.local" failures="0" tests="4" name="day7.Authentications" time="3.500" errors="0" timestamp="2025-12-27T18:53:04 IST" skipped="0">
  <testcase classname="day7.Authentications" name="testbasicAuthentication" time="1.905"/>
  <testcase classname="day7.Authentications" name="testDigestAuthentication" time="0.569"/>
  <testcase classname="day7.Authentications" name="testPreemtiveAuthentication" time="0.395"/>
  <testcase classname="day7.Authentications" name="testBarerTokenAuthentication" time="0.631"/>
</testsuite> <!-- day7.Authentications -->
