<?xml version="1.0" encoding="UTF-8"?>
<!-- Generated by org.testng.reporters.JUnitReportReporter -->
<testsuite hostname="Shubham-Infinitys-MacBook-Air.local" failures="0" tests="4" name="day1.HTTPRequests" time="0.971" errors="0" timestamp="2025-12-25T15:57:15 IST" skipped="0">
  <testcase classname="day1.HTTPRequests" name="getUsers" time="0.633"/>
  <testcase classname="day1.HTTPRequests" name="createUser" time="0.315"/>
  <testcase classname="day1.HTTPRequests" name="updateUser" time="0.013"/>
  <testcase classname="day1.HTTPRequests" name="deleteUser" time="0.010"/>
</testsuite> <!-- day1.HTTPRequests -->
