<?xml version="1.0" encoding="UTF-8"?>
<!-- Generated by org.testng.reporters.JUnitReportReporter -->
<testsuite hostname="Shubham-Infinitys-MacBook-Air.local" failures="0" tests="2" name="day6.SerilizationDeserilization" time="0.104" errors="0" timestamp="2025-12-27T15:43:36 IST" skipped="0">
  <testcase classname="day6.SerilizationDeserilization" name="convertPojo2Json" time="0.093"/>
  <testcase classname="day6.SerilizationDeserilization" name="convertJson2Pojo" time="0.011"/>
</testsuite> <!-- day6.SerilizationDeserilization -->
